2017-10-14 11:35:50 - (5491135206693) Bienvenida.
2017-10-14 11:37:15 - (5491135206693) Cancela ingreso de auxilio.
2017-10-19 21:35:57 - (5491135206693) Bienvenida.
2017-10-19 21:37:31 - (5491135206693) Se solicita ubicacion especifica (referencia).
2017-10-19 21:37:56 - (5491135206693) Se envia lista de sintomas.
2017-10-19 21:38:09 - (5491135206693) Se envia gravedad de cada sintoma.
2017-10-19 21:38:18 - (5491135206693) Se solicita primer ajuste.
2017-10-19 21:38:25 - (5491135206693) Se solicita otro ajuste.
2017-10-19 21:38:32 - (5491135206693) Se envia resumen de auxilio.
2017-10-19 21:38:48 - (5491135206693) Ingreso auxilio a SIEM.
2017-10-19 21:38:51 - (5491135206693) Ingreso auxilio a SIEM - 46UU4MH5C8
2017-10-19 21:45:01 - (5491135206693) Bienvenida.
2017-10-19 21:46:01 - (5491135206693) Cancela ingreso de auxilio.
2017-10-19 22:01:03 - (5491135206693) Bienvenida.
2017-10-19 22:01:13 - (5491135206693) Se solicita ubicacion especifica (referencia).
2017-10-19 22:01:22 - (5491135206693) Se envia lista de sintomas.
2017-10-19 22:01:39 - (5491135206693) Se envia gravedad de cada sintoma.
2017-10-19 22:01:46 - (5491135206693) Se solicita primer ajuste.
2017-10-19 22:02:04 - (5491135206693) Se solicita otro ajuste.
2017-10-19 22:02:25 - (5491135206693) Se envia resumen de auxilio.
2017-10-19 22:02:53 - (5491135206693) Cancela ingreso de auxilio.
2017-10-19 22:03:02 - (5491135206693) Bienvenida.
2017-10-19 22:03:15 - (5491135206693) Se solicita ubicacion especifica (referencia).
2017-10-19 22:03:28 - (5491135206693) Se envia lista de sintomas.
2017-10-19 22:03:45 - (5491135206693) Se envia gravedad de cada sintoma.
2017-10-19 22:04:05 - (5491135206693) Se solicita primer ajuste.
2017-10-19 22:04:28 - (5491135206693) Se solicita otro ajuste.
2017-10-19 22:04:37 - (5491135206693) Se envia resumen de auxilio.
2017-10-19 22:04:48 - (5491135206693) Ingreso auxilio a SIEM.
2017-10-19 22:04:50 - (5491135206693) Ingreso auxilio a SIEM - 94202C1W1H
2017-10-19 22:05:52 - (5491135206693) Bienvenida.
2017-10-19 22:06:11 - (5491135206693) Se solicita ubicacion especifica (referencia).
2017-10-19 22:06:19 - (5491135206693) Se envia lista de sintomas.
2017-10-19 22:06:30 - (5491135206693) Se envia gravedad de cada sintoma.
2017-10-19 22:06:53 - (5491135206693) Cancela ingreso de auxilio.
2017-10-20 22:37:28 - (5491135206693) Bienvenida.
2017-10-20 22:39:01 - (5491135206693) Se solicita ubicacion especifica (referencia).
2017-10-20 22:39:24 - (5491135206693) Se envia lista de sintomas.
2017-10-20 22:39:42 - (5491135206693) Se envia gravedad del primer sintoma.
2017-10-20 22:40:42 - (5491135206693) Se solicita primer ajuste.
2017-10-20 22:51:12 - (5491135206693) Cancela ingreso de auxilio.
2017-10-20 22:54:14 - (5491135206693) Bienvenida.
2017-10-20 22:54:24 - (5491135206693) Cancela ingreso de auxilio.
2017-10-20 22:56:37 - (5491135206693) Bienvenida.
2017-10-20 22:56:59 - (5491135206693) Se solicita ubicacion especifica (referencia).
2017-10-20 22:57:20 - (5491135206693) Se envia lista de sintomas.
2017-10-20 22:57:33 - (5491135206693) Se envia gravedad del primer sintoma.
2017-10-20 22:57:48 - (5491135206693) Se envia gravedad de otro sintoma.
2017-10-20 22:58:48 - (5491135206693) Se solicita primer ajuste.
2017-10-20 22:59:19 - (5491135206693) Cancela ingreso de auxilio.
2017-10-20 23:02:40 - (5491135206693) Bienvenida.
2017-10-20 23:02:54 - (5491135206693) Se solicita ubicacion especifica (referencia).
2017-10-20 23:03:09 - (5491135206693) Se envia lista de sintomas.
2017-10-20 23:03:19 - (5491135206693) Se envia gravedad del primer sintoma.
2017-10-20 23:03:31 - (5491135206693) Se solicita primer ajuste.
2017-10-20 23:07:54 - (5491135206693) Cancela ingreso de auxilio.
2017-10-20 23:10:36 - (5491135206693) Bienvenida.
2017-10-20 23:10:54 - (5491135206693) Se solicita ubicacion especifica (referencia).
2017-10-20 23:11:08 - (5491135206693) Se envia lista de sintomas.
2017-10-20 23:11:25 - (5491135206693) Se envia gravedad del primer sintoma.
2017-10-20 23:11:42 - (5491135206693) Se solicita primer ajuste.
2017-10-20 23:14:24 - (5491135206693) Cancela ingreso de auxilio.
2017-10-20 23:15:04 - (5491135206693) Bienvenida.
2017-10-20 23:15:18 - (5491135206693) Se solicita ubicacion especifica (referencia).
2017-10-20 23:15:33 - (5491135206693) Se envia lista de sintomas.
2017-10-20 23:15:44 - (5491135206693) Se envia gravedad del primer sintoma.
2017-10-20 23:16:00 - (5491135206693) Se envia gravedad de otro sintoma.
2017-10-20 23:16:29 - (5491135206693) Se solicita primer ajuste.
2017-10-20 23:17:15 - (5491135206693) Cancela ingreso de auxilio.
2017-10-20 23:17:31 - (5491135206693) Bienvenida.
2017-10-20 23:17:42 - (5491135206693) Se solicita ubicacion especifica (referencia).
2017-10-20 23:17:52 - (5491135206693) Se envia lista de sintomas.
2017-10-20 23:18:01 - (5491135206693) Se envia gravedad del primer sintoma.
2017-10-20 23:18:16 - (5491135206693) Se solicita primer ajuste.
2017-10-20 23:19:04 - (5491135206693) Cancela ingreso de auxilio.
2017-10-20 23:19:27 - (5491135206693) Bienvenida.
2017-10-20 23:19:56 - (5491135206693) Se solicita ubicacion especifica (referencia).
2017-10-20 23:20:09 - (5491135206693) Se envia lista de sintomas.
2017-10-20 23:20:20 - (5491135206693) Error (Opcion incorrecta de Sintoma).
2017-10-20 23:20:41 - (5491135206693) Se envia gravedad del primer sintoma.
2017-10-20 23:24:47 - (5491135206693) Cancela ingreso de auxilio.
2017-10-20 23:24:56 - (5491135206693) Bienvenida.
2017-10-20 23:25:09 - (5491135206693) Se solicita ubicacion especifica (referencia).
2017-10-20 23:25:21 - (5491135206693) Se envia lista de sintomas.
2017-10-20 23:25:30 - (5491135206693) Se envia gravedad del primer sintoma.
2017-10-20 23:25:41 - (5491135206693) Opción incorrecta de sintoma.
2017-10-20 23:25:55 - (5491135206693) Opción incorrecta de sintoma.
2017-10-20 23:26:04 - (5491135206693) Se solicita primer ajuste.
2017-10-20 23:27:10 - (5491135206693) Se solicita otro ajuste.
2017-10-20 23:27:21 - (5491135206693) Se envia resumen de auxilio.
2017-10-20 23:27:38 - (5491135206693) Cancela ingreso de auxilio.
2017-10-20 23:31:18 - (5491135206693) Bienvenida.
2017-10-20 23:31:38 - (5491135206693) Se solicita ubicacion especifica (referencia).
2017-10-20 23:31:48 - (5491135206693) Se envia lista de sintomas.
2017-10-20 23:31:58 - (5491135206693) Se envia gravedad del primer sintoma.
2017-10-20 23:33:37 - (5491135206693) Opción incorrecta de sintoma.
2017-10-20 23:33:58 - (5491135206693) Error (Formato invalido).
2017-10-20 23:34:14 - (5491135206693) Se envia gravedad de otro sintoma.
2017-10-20 23:34:26 - (5491135206693) Opción incorrecta de sintoma.
2017-10-20 23:34:42 - (5491135206693) Opción incorrecta de sintoma.
2017-10-20 23:34:52 - (5491135206693) Se solicita primer ajuste.
2017-10-20 23:35:04 - (5491135206693) Se solicita otro ajuste.
2017-10-20 23:35:11 - (5491135206693) Se envia resumen de auxilio.
2017-10-20 23:35:26 - (5491135206693) Cancela ingreso de auxilio.
2017-11-07 21:11:56 - (5491135206693) Bienvenida.
2017-11-07 21:12:26 - (5491135206693) Se solicita ubicacion especifica (referencia).
2017-11-07 21:12:39 - (5491135206693) Se envia lista de sintomas.
2017-11-07 21:12:55 - (5491135206693) Se envia gravedad del primer sintoma.
2017-11-07 21:13:04 - (5491135206693) Se solicita primer ajuste.
2017-11-07 21:13:39 - (5491135206693) Se solicita otro ajuste.
2017-11-07 21:13:49 - (5491135206693) Se envia resumen de auxilio.
2017-11-07 21:14:29 - (5491135206693) Cancela ingreso de auxilio.
